#
# There is insufficient memory for the Java Runtime Environment to continue.
# Native memory allocation (malloc) failed to allocate 66352 bytes for Chunk::new
# Possible reasons:
#   The system is out of physical RAM or swap space
#   In 32 bit mode, the process size limit was hit
# Possible solutions:
#   Reduce memory load on the system
#   Increase physical memory or swap space
#   Check if swap backing store is full
#   Use 64 bit Java on a 64 bit OS
#   Decrease Java heap size (-Xmx/-Xms)
#   Decrease number of Java threads
#   Decrease Java thread stack sizes (-Xss)
#   Set larger code cache with -XX:ReservedCodeCacheSize=
# This output file may be truncated or incomplete.
#
#  Out of Memory Error (allocation.cpp:390), pid=16096, tid=16352
#
# JRE version: Java(TM) SE Runtime Environment (8.0_40-b26) (build 1.8.0_40-b26)
# Java VM: Java HotSpot(TM) 64-Bit Server VM (25.40-b25 mixed mode windows-amd64 compressed oops)
# Failed to write core dump. Minidumps are not enabled by default on client versions of Windows
#

---------------  T H R E A D  ---------------

Current thread (0x0000000014b7b800):  JavaThread "C2 CompilerThread0" daemon [_thread_in_native, id=16352, stack(0x00000000160d0000,0x00000000161d0000)]

Stack: [0x00000000160d0000,0x00000000161d0000]
Native frames: (J=compiled Java code, j=interpreted, Vv=VM code, C=native code)
V  [jvm.dll+0x32b47a]


Current CompileTask:
C2:   7527 1599   !   4       com.android.dx.cf.code.Ropper::processBlock (1101 bytes)


---------------  P R O C E S S  ---------------

Java Threads: ( => current thread )
  0x00000000163d6000 JavaThread "Service Thread" daemon [_thread_blocked, id=15828, stack(0x00000000167d0000,0x00000000168d0000)]
  0x0000000014bde000 JavaThread "C1 CompilerThread2" daemon [_thread_blocked, id=14676, stack(0x00000000162d0000,0x00000000163d0000)]
  0x0000000014bd7800 JavaThread "C2 CompilerThread1" daemon [_thread_in_native, id=15356, stack(0x00000000161d0000,0x00000000162d0000)]
=>0x0000000014b7b800 JavaThread "C2 CompilerThread0" daemon [_thread_in_native, id=16352, stack(0x00000000160d0000,0x00000000161d0000)]
  0x0000000014b79000 JavaThread "Attach Listener" daemon [_thread_blocked, id=15344, stack(0x0000000015fd0000,0x00000000160d0000)]
  0x0000000014b78000 JavaThread "Signal Dispatcher" daemon [_thread_blocked, id=16060, stack(0x0000000015ed0000,0x0000000015fd0000)]
  0x00000000024a7000 JavaThread "Finalizer" daemon [_thread_blocked, id=15692, stack(0x0000000015dd0000,0x0000000015ed0000)]
  0x000000000249d000 JavaThread "Reference Handler" daemon [_thread_blocked, id=16272, stack(0x0000000015cd0000,0x0000000015dd0000)]
  0x00000000023b0800 JavaThread "main" [_thread_in_Java, id=728, stack(0x00000000022b0000,0x00000000023b0000)]

Other Threads:
  0x0000000014b47800 VMThread [stack: 0x0000000015bd0000,0x0000000015cd0000] [id=9516]
  0x00000000163d7000 WatcherThread [stack: 0x00000000168d0000,0x00000000169d0000] [id=15752]

VM state:not at safepoint (normal execution)

VM Mutex/Monitor currently owned by a thread: None

Heap:
 PSYoungGen      total 37888K, used 30739K [0x00000000eab00000, 0x00000000ef500000, 0x0000000100000000)
  eden space 32768K, 78% used [0x00000000eab00000,0x00000000ec406f78,0x00000000ecb00000)
  from space 5120K, 99% used [0x00000000ecb00000,0x00000000ecffddc8,0x00000000ed000000)
  to   space 5120K, 0% used [0x00000000ef000000,0x00000000ef000000,0x00000000ef500000)
 ParOldGen       total 86016K, used 1180K [0x00000000c0000000, 0x00000000c5400000, 0x00000000eab00000)
  object space 86016K, 1% used [0x00000000c0000000,0x00000000c01270a8,0x00000000c5400000)
 Metaspace       used 5815K, capacity 7024K, committed 7296K, reserved 1056768K
  class space    used 556K, capacity 616K, committed 640K, reserved 1048576K

Card table byte_map: [0x0000000011870000,0x0000000011a80000] byte_map_base: 0x0000000011270000

Marking Bits: (ParMarkBitMap*) 0x000000005ff24040
 Begin Bits: [0x0000000011fe0000, 0x0000000012fe0000)
 End Bits:   [0x0000000012fe0000, 0x0000000013fe0000)

Polling page: 0x0000000002090000

CodeCache: size=245760Kb used=7572Kb max_used=7584Kb free=238187Kb
 bounds [0x00000000024b0000, 0x0000000002c30000, 0x00000000114b0000]
 total_blobs=1872 nmethods=1607 adapters=178
 compilation: enabled

Compilation events (10 events):
Event: 7.477 Thread 0x0000000014bd7800 nmethod 1604 0x0000000002bc6050 code [0x0000000002bc61a0, 0x0000000002bc6298]
Event: 7.478 Thread 0x0000000014bd7800 1605       4       com.android.dx.util.BitIntSet$1::next (42 bytes)
Event: 7.480 Thread 0x0000000014bd7800 nmethod 1605 0x0000000002be3510 code [0x0000000002be3660, 0x0000000002be37b8]
Event: 7.481 Thread 0x0000000014bd7800 1606       4       com.android.dx.rop.code.BasicBlockList::preferredSuccessorOf (77 bytes)
Event: 7.490 Thread 0x0000000014bd7800 nmethod 1606 0x0000000002be2950 code [0x0000000002be2ac0, 0x0000000002be2dd8]
Event: 7.510 Thread 0x0000000014bd7800 1607       4       java.util.BitSet::nextClearBit (116 bytes)
Event: 7.512 Thread 0x0000000014bd7800 nmethod 1607 0x0000000002be25d0 code [0x0000000002be2720, 0x0000000002be2858]
Event: 7.512 Thread 0x0000000014bd7800 1608       4       com.android.dx.ssa.back.FirstFitLocalCombiningAllocator$Alignment$3::nextClearBit (6 bytes)
Event: 7.513 Thread 0x0000000014bd7800 nmethod 1608 0x0000000002be66d0 code [0x0000000002be6820, 0x0000000002be6958]
Event: 7.520 Thread 0x0000000014bd7800 1609       4       com.android.dx.ssa.LocalVariableExtractor::processBlock (383 bytes)

GC Heap History (2 events):
Event: 4.090 GC heap before
{Heap before GC invocations=1 (full 0):
 PSYoungGen      total 37888K, used 32768K [0x00000000eab00000, 0x00000000ed500000, 0x0000000100000000)
  eden space 32768K, 100% used [0x00000000eab00000,0x00000000ecb00000,0x00000000ecb00000)
  from space 5120K, 0% used [0x00000000ed000000,0x00000000ed000000,0x00000000ed500000)
  to   space 5120K, 0% used [0x00000000ecb00000,0x00000000ecb00000,0x00000000ed000000)
 ParOldGen       total 86016K, used 0K [0x00000000c0000000, 0x00000000c5400000, 0x00000000eab00000)
  object space 86016K, 0% used [0x00000000c0000000,0x00000000c0000000,0x00000000c5400000)
 Metaspace       used 5688K, capacity 6960K, committed 7040K, reserved 1056768K
  class space    used 551K, capacity 616K, committed 640K, reserved 1048576K
Event: 4.224 GC heap after
Heap after GC invocations=1 (full 0):
 PSYoungGen      total 37888K, used 5111K [0x00000000eab00000, 0x00000000ef500000, 0x0000000100000000)
  eden space 32768K, 0% used [0x00000000eab00000,0x00000000eab00000,0x00000000ecb00000)
  from space 5120K, 99% used [0x00000000ecb00000,0x00000000ecffddc8,0x00000000ed000000)
  to   space 5120K, 0% used [0x00000000ef000000,0x00000000ef000000,0x00000000ef500000)
 ParOldGen       total 86016K, used 1180K [0x00000000c0000000, 0x00000000c5400000, 0x00000000eab00000)
  object space 86016K, 1% used [0x00000000c0000000,0x00000000c01270a8,0x00000000c5400000)
 Metaspace       used 5688K, capacity 6960K, committed 7040K, reserved 1056768K
  class space    used 551K, capacity 616K, committed 640K, reserved 1048576K
}

Deoptimization events (10 events):
Event: 5.941 Thread 0x00000000023b0800 Uncommon trap: reason=unstable_if action=reinterpret pc=0x0000000002862abc method=com.android.dx.rop.code.LocalItem.hashCode()I @ 25
Event: 5.941 Thread 0x00000000023b0800 Uncommon trap: reason=unstable_if action=reinterpret pc=0x000000000282ba8c method=com.android.dx.rop.code.LocalItem.hashCode()I @ 25
Event: 5.942 Thread 0x00000000023b0800 Uncommon trap: reason=unstable_if action=reinterpret pc=0x00000000028697cc method=com.android.dx.rop.code.LocalItem.hashCode()I @ 25
Event: 6.482 Thread 0x00000000023b0800 Uncommon trap: reason=unstable_if action=reinterpret pc=0x00000000029fedb8 method=com.android.dx.ssa.SCCP.simulateBranch(Lcom/android/dx/ssa/SsaInsn;)V @ 64
Event: 6.548 Thread 0x00000000023b0800 Uncommon trap: reason=unstable_if action=reinterpret pc=0x0000000002ac71a8 method=com.android.dx.cf.code.ByteCatchList.listFor(I)Lcom/android/dx/cf/code/ByteCatchList; @ 47
Event: 6.570 Thread 0x00000000023b0800 Uncommon trap: reason=unstable_if action=reinterpret pc=0x000000000292917c method=com.android.dx.util.IntList.binarysearch(I)I @ 105
Event: 6.571 Thread 0x00000000023b0800 Uncommon trap: reason=unstable_if action=reinterpret pc=0x0000000002aef580 method=com.android.dx.ssa.SsaBasicBlock.newFromRop(Lcom/android/dx/rop/code/RopMethod;ILcom/android/dx/ssa/SsaMethod;)Lcom/android/dx/ssa/SsaBasicBlock; @ 164
Event: 6.574 Thread 0x00000000023b0800 Uncommon trap: reason=unstable_if action=reinterpret pc=0x0000000002b5f0ec method=com.android.dx.ssa.SsaMethod.blockIndexToRopLabel(I)I @ 1
Event: 6.786 Thread 0x00000000023b0800 Uncommon trap: reason=unstable_if action=reinterpret pc=0x0000000002b12834 method=com.android.dx.cf.code.RopperMachine.run(Lcom/android/dx/cf/code/Frame;II)V @ 1500
Event: 6.789 Thread 0x00000000023b0800 Uncommon trap: reason=unstable_if action=reinterpret pc=0x00000000029e428c method=com.android.dx.ssa.MoveParamCombiner$1.visitNonMoveInsn(Lcom/android/dx/ssa/NormalSsaInsn;)V @ 27

Internal exceptions (3 events):
Event: 0.077 Thread 0x00000000023b0800 Exception <a 'java/lang/NoSuchMethodError': Method sun.misc.Unsafe.defineClass(Ljava/lang/String;[BII)Ljava/lang/Class; name or signature does not match> (0x00000000eab0cfc0) thrown at [D:\re\workspace\8-2-build-windows-amd64-cygwin\jdk8u40\3098\hotspot\sr\/+,È³?
Event: 0.077 Thread 0x00000000023b0800 Exception <a 'java/lang/NoSuchMethodError': Method sun.misc.Unsafe.prefetchRead(Ljava/lang/Object;J)V name or signature does not match> (0x00000000eab0d250) thrown at [D:\re\workspace\8-2-build-windows-amd64-cygwin\jdk8u40\3098\hotspot\src\share\vm\prims\jˆå—; œ
Event: 2.076 Thread 0x00000000023b0800 Implicit null exception at 0x000000000281c014 to 0x000000000281e43d

Events (10 events):
Event: 6.574 Thread 0x00000000023b0800 DEOPT PACKING pc=0x0000000002b5f0ec sp=0x00000000023ae9c0
Event: 6.574 Thread 0x00000000023b0800 DEOPT UNPACKING pc=0x00000000024f582a sp=0x00000000023ae8e8 mode 2
Event: 6.770 loading class com/android/dx/cf/attrib/AttRuntimeVisibleAnnotations
Event: 6.770 loading class com/android/dx/cf/attrib/AttRuntimeVisibleAnnotations done
Event: 6.786 Thread 0x00000000023b0800 Uncommon trap: trap_request=0xffffff65 fr.pc=0x0000000002b12834
Event: 6.786 Thread 0x00000000023b0800 DEOPT PACKING pc=0x0000000002b12834 sp=0x00000000023ae2f0
Event: 6.786 Thread 0x00000000023b0800 DEOPT UNPACKING pc=0x00000000024f582a sp=0x00000000023ae2c8 mode 2
Event: 6.789 Thread 0x00000000023b0800 Uncommon trap: trap_request=0xffffff65 fr.pc=0x00000000029e428c
Event: 6.789 Thread 0x00000000023b0800 DEOPT PACKING pc=0x00000000029e428c sp=0x00000000023ae980
Event: 6.789 Thread 0x00000000023b0800 DEOPT UNPACKING pc=0x00000000024f582a sp=0x00000000023ae8d8 mode 2


Dynamic libraries:
0x00007ff687920000 - 0x00007ff687957000 	C:\Program Files\Java\jdk1.8.0_40\bin\java.exe
0x00007ffc9b8b0000 - 0x00007ffc9ba6d000 	C:\WINDOWS\SYSTEM32\ntdll.dll
0x00007ffc99600000 - 0x00007ffc996af000 	C:\WINDOWS\system32\KERNEL32.DLL
0x00007ffc98ec0000 - 0x00007ffc99096000 	C:\WINDOWS\system32\KERNELBASE.dll
0x00007ffc9b460000 - 0x00007ffc9b506000 	C:\WINDOWS\system32\ADVAPI32.dll
0x00007ffc9b110000 - 0x00007ffc9b1ad000 	C:\WINDOWS\system32\msvcrt.dll
0x00007ffc99990000 - 0x00007ffc999ea000 	C:\WINDOWS\system32\sechost.dll
0x00007ffc996d0000 - 0x00007ffc997f6000 	C:\WINDOWS\system32\RPCRT4.dll
0x00007ffc9b1b0000 - 0x00007ffc9b31c000 	C:\WINDOWS\system32\USER32.dll
0x00007ffc99800000 - 0x00007ffc99981000 	C:\WINDOWS\system32\GDI32.dll
0x00007ffc941b0000 - 0x00007ffc9441e000 	C:\WINDOWS\WinSxS\amd64_microsoft.windows.common-controls_6595b64144ccf1df_6.0.10074.4_none_82935f385fa05ec2\COMCTL32.dll
0x00007ffc9b510000 - 0x00007ffc9b545000 	C:\WINDOWS\system32\IMM32.DLL
0x00007ffc99ba0000 - 0x00007ffc99cfc000 	C:\WINDOWS\system32\MSCTF.dll
0x000000005f2a0000 - 0x000000005f372000 	C:\Program Files\Java\jdk1.8.0_40\jre\bin\msvcr100.dll
0x000000005f720000 - 0x000000005ffa3000 	C:\Program Files\Java\jdk1.8.0_40\jre\bin\server\jvm.dll
0x00007ffc9b7f0000 - 0x00007ffc9b7f7000 	C:\WINDOWS\system32\PSAPI.DLL
0x00007ffc956e0000 - 0x00007ffc956e9000 	C:\WINDOWS\SYSTEM32\WSOCK32.dll
0x00007ffc94710000 - 0x00007ffc9471a000 	C:\WINDOWS\SYSTEM32\VERSION.dll
0x00007ffc946e0000 - 0x00007ffc94702000 	C:\WINDOWS\SYSTEM32\WINMM.dll
0x00007ffc99210000 - 0x00007ffc9926b000 	C:\WINDOWS\system32\WS2_32.dll
0x00007ffc9b7e0000 - 0x00007ffc9b7e8000 	C:\WINDOWS\system32\NSI.dll
0x00000000020b0000 - 0x00000000020db000 	C:\WINDOWS\SYSTEM32\WINMMBASE.dll
0x00007ffc990a0000 - 0x00007ffc990e4000 	C:\WINDOWS\system32\cfgmgr32.dll
0x00007ffc96d40000 - 0x00007ffc96d66000 	C:\WINDOWS\SYSTEM32\DEVOBJ.dll
0x000000005f710000 - 0x000000005f71f000 	C:\Program Files\Java\jdk1.8.0_40\jre\bin\verify.dll
0x000000005f6e0000 - 0x000000005f709000 	C:\Program Files\Java\jdk1.8.0_40\jre\bin\java.dll
0x000000005f6c0000 - 0x000000005f6d6000 	C:\Program Files\Java\jdk1.8.0_40\jre\bin\zip.dll
0x00007ffc99d00000 - 0x00007ffc9b10d000 	C:\WINDOWS\system32\SHELL32.dll
0x00007ffc98830000 - 0x00007ffc98e04000 	C:\WINDOWS\system32\windows.storage.dll
0x00007ffc99270000 - 0x00007ffc994c6000 	C:\WINDOWS\system32\combase.dll
0x00007ffc99150000 - 0x00007ffc991a0000 	C:\WINDOWS\system32\shlwapi.dll
0x00007ffc98520000 - 0x00007ffc9852e000 	C:\WINDOWS\system32\kernel.appcore.dll
0x00007ffc98e10000 - 0x00007ffc98ebc000 	C:\WINDOWS\system32\shcore.dll
0x00007ffc984d0000 - 0x00007ffc98518000 	C:\WINDOWS\system32\powrprof.dll
0x00007ffc98490000 - 0x00007ffc984a4000 	C:\WINDOWS\system32\profapi.dll

VM Arguments:
jvm_args: -Xmx1024M -Dfile.encoding=windows-1252 -Duser.country=IN -Duser.language=en -Duser.variant 
java_command: com.android.dx.command.Main --dex --output D:\MemoryGameF\app\build\intermediates\pre-dexed\debug\classes-55bfa9c760bc34825f32be5fde63149b35afbfae.jar D:\MemoryGameF\app\build\intermediates\exploded-aar\com.android.support\appcompat-v7\22.1.1\jars\classes.jar
java_class_path (initial): C:\Users\GajendraS\AppData\Local\Android\sdk\build-tools\21.1.2\lib\dx.jar
Launcher Type: SUN_STANDARD

Environment Variables:
JAVA_HOME=C:\Program Files\Java\jdk1.8.0_40
PATH=C:\ProgramData\Oracle\Java\javapath;C:\Program Files (x86)\Intel\iCLS Client\;C:\Program Files\Intel\iCLS Client\;C:\WINDOWS\system32;C:\WINDOWS;C:\WINDOWS\System32\Wbem;C:\WINDOWS\System32\WindowsPowerShell\v1.0\;C:\Program Files\Intel\Intel(R) Management Engine Components\DAL;C:\Program Files\Intel\Intel(R) Management Engine Components\IPT;C:\Program Files (x86)\Intel\Intel(R) Management Engine Components\DAL;C:\Program Files (x86)\Intel\Intel(R) Management Engine Components\IPT;C:\Program Files\Java\jdk1.8.0_40\bin;C:\Program Files (x86)\CodeBlocks\MinGW\bin;C:\Users\GajendraS\AppData\Local\Android\sdk\platform-tools
USERNAME=GajendraS
OS=Windows_NT
PROCESSOR_IDENTIFIER=Intel64 Family 6 Model 58 Stepping 9, GenuineIntel



---------------  S Y S T E M  ---------------

OS: Windows 10.0 , 64 bit Build 10074 (10.0.10074.0)

CPU:total 4 (2 cores per cpu, 2 threads per core) family 6 model 58 stepping 9, cmov, cx8, fxsr, mmx, sse, sse2, sse3, ssse3, sse4.1, sse4.2, popcnt, avx, aes, clmul, erms, ht, tsc, tscinvbit, tscinv

Memory: 4k page, physical 8245468k(821484k free), swap 11391196k(5180k free)

vm_info: Java HotSpot(TM) 64-Bit Server VM (25.40-b25) for windows-amd64 JRE (1.8.0_40-b26), built on Mar  7 2015 13:51:59 by "java_re" with MS VC++ 10.0 (VS2010)

time: Sun May 17 20:14:50 2015
elapsed time: 7 seconds (0d 0h 0m 7s)

