#
# There is insufficient memory for the Java Runtime Environment to continue.
# Native memory allocation (malloc) failed to allocate 1573936 bytes for Chunk::new
# Possible reasons:
#   The system is out of physical RAM or swap space
#   In 32 bit mode, the process size limit was hit
# Possible solutions:
#   Reduce memory load on the system
#   Increase physical memory or swap space
#   Check if swap backing store is full
#   Use 64 bit Java on a 64 bit OS
#   Decrease Java heap size (-Xmx/-Xms)
#   Decrease number of Java threads
#   Decrease Java thread stack sizes (-Xss)
#   Set larger code cache with -XX:ReservedCodeCacheSize=
# This output file may be truncated or incomplete.
#
#  Out of Memory Error (allocation.cpp:390), pid=15988, tid=15852
#
# JRE version: Java(TM) SE Runtime Environment (8.0_40-b26) (build 1.8.0_40-b26)
# Java VM: Java HotSpot(TM) 64-Bit Server VM (25.40-b25 mixed mode windows-amd64 compressed oops)
# Failed to write core dump. Minidumps are not enabled by default on client versions of Windows
#

---------------  T H R E A D  ---------------

Current thread (0x0000000014920000):  JavaThread "C2 CompilerThread1" daemon [_thread_in_native, id=15852, stack(0x0000000015fa0000,0x00000000160a0000)]

Stack: [0x0000000015fa0000,0x00000000160a0000]
Native frames: (J=compiled Java code, j=interpreted, Vv=VM code, C=native code)
V  [jvm.dll+0x32b47a]
V  [jvm.dll+0x2797f3]
V  [jvm.dll+0x27a489]
V  [jvm.dll+0x2717a5]
V  [jvm.dll+0xcb9a2]
V  [jvm.dll+0xcbe6c]
V  [jvm.dll+0x476ea2]
V  [jvm.dll+0x4b950f]
V  [jvm.dll+0x46bf81]
V  [jvm.dll+0x46ccbe]
V  [jvm.dll+0x4500d2]
V  [jvm.dll+0xa4312]
V  [jvm.dll+0xa4c4f]
V  [jvm.dll+0x241914]
V  [jvm.dll+0x29848a]
C  [msvcr100.dll+0x21d9f]
C  [msvcr100.dll+0x21e3b]
C  [KERNEL32.DLL+0x4d42]
C  [ntdll.dll+0x693a4]


Current CompileTask:
C2:   7514 1655   !   4       com.android.dx.cf.code.Ropper::processBlock (1101 bytes)


---------------  P R O C E S S  ---------------

Java Threads: ( => current thread )
  0x000000001497e800 JavaThread "Service Thread" daemon [_thread_blocked, id=13932, stack(0x00000000165a0000,0x00000000166a0000)]
  0x00000000160a8800 JavaThread "C1 CompilerThread2" daemon [_thread_blocked, id=4116, stack(0x00000000164a0000,0x00000000165a0000)]
=>0x0000000014920000 JavaThread "C2 CompilerThread1" daemon [_thread_in_native, id=15852, stack(0x0000000015fa0000,0x00000000160a0000)]
  0x0000000014919000 JavaThread "C2 CompilerThread0" daemon [_thread_in_native, id=9980, stack(0x0000000015ea0000,0x0000000015fa0000)]
  0x0000000014916800 JavaThread "Attach Listener" daemon [_thread_blocked, id=5848, stack(0x0000000015da0000,0x0000000015ea0000)]
  0x0000000014915800 JavaThread "Signal Dispatcher" daemon [_thread_blocked, id=12448, stack(0x0000000015ca0000,0x0000000015da0000)]
  0x0000000002240800 JavaThread "Finalizer" daemon [_thread_blocked, id=3676, stack(0x0000000015ba0000,0x0000000015ca0000)]
  0x000000000223d000 JavaThread "Reference Handler" daemon [_thread_blocked, id=3256, stack(0x0000000015aa0000,0x0000000015ba0000)]
  0x0000000002150800 JavaThread "main" [_thread_in_Java, id=11088, stack(0x0000000002050000,0x0000000002150000)]

Other Threads:
  0x00000000148e7800 VMThread [stack: 0x00000000159a0000,0x0000000015aa0000] [id=1336]
  0x00000000160ab800 WatcherThread [stack: 0x00000000166a0000,0x00000000167a0000] [id=5488]

VM state:not at safepoint (normal execution)

VM Mutex/Monitor currently owned by a thread: None

Heap:
 PSYoungGen      total 37888K, used 5766K [0x00000000eab00000, 0x00000000ef500000, 0x0000000100000000)
  eden space 32768K, 1% used [0x00000000eab00000,0x00000000eaba3c40,0x00000000ecb00000)
  from space 5120K, 99% used [0x00000000ed000000,0x00000000ed4fdc88,0x00000000ed500000)
  to   space 5120K, 0% used [0x00000000ecb00000,0x00000000ecb00000,0x00000000ed000000)
 ParOldGen       total 86016K, used 6456K [0x00000000c0000000, 0x00000000c5400000, 0x00000000eab00000)
  object space 86016K, 7% used [0x00000000c0000000,0x00000000c064e008,0x00000000c5400000)
 Metaspace       used 5870K, capacity 7088K, committed 7296K, reserved 1056768K
  class space    used 556K, capacity 616K, committed 640K, reserved 1048576K

Card table byte_map: [0x0000000011610000,0x0000000011820000] byte_map_base: 0x0000000011010000

Marking Bits: (ParMarkBitMap*) 0x000000005ff24040
 Begin Bits: [0x0000000011d80000, 0x0000000012d80000)
 End Bits:   [0x0000000012d80000, 0x0000000013d80000)

Polling page: 0x0000000000500000

CodeCache: size=245760Kb used=7375Kb max_used=7375Kb free=238384Kb
 bounds [0x0000000002250000, 0x0000000002990000, 0x0000000011250000]
 total_blobs=1937 nmethods=1672 adapters=178
 compilation: enabled

Compilation events (10 events):
Event: 7.184 Thread 0x00000000160a8800 nmethod 1670 0x000000000297efd0 code [0x000000000297f140, 0x000000000297f388]
Event: 7.189 Thread 0x00000000160a8800 1671       3       com.android.dx.cf.direct.DirectClassFile::getAttributes (9 bytes)
Event: 7.189 Thread 0x00000000160a8800 nmethod 1671 0x0000000002972a50 code [0x0000000002972bc0, 0x0000000002972e08]
Event: 7.190 Thread 0x00000000160a8800 1672       3       com.android.dx.rop.annotation.Annotations::<init> (16 bytes)
Event: 7.190 Thread 0x00000000160a8800 nmethod 1672 0x0000000002972350 code [0x00000000029724e0, 0x0000000002972890]
Event: 7.494 Thread 0x00000000160a8800 1673       3       java.util.zip.ZipFile$ZipFileInflaterInputStream::finalize (5 bytes)
Event: 7.494 Thread 0x00000000160a8800 nmethod 1673 0x0000000002971f90 code [0x0000000002972100, 0x00000000029722a8]
Event: 7.494 Thread 0x00000000160a8800 1674       3       java.util.zip.ZipFile$ZipFileInputStream::finalize (5 bytes)
Event: 7.494 Thread 0x00000000160a8800 nmethod 1674 0x0000000002971bd0 code [0x0000000002971d40, 0x0000000002971ee8]
Event: 7.495 Thread 0x00000000160a8800 1675       3       com.android.dx.dex.file.ValueEncoder::addContents (75 bytes)

GC Heap History (4 events):
Event: 3.385 GC heap before
{Heap before GC invocations=1 (full 0):
 PSYoungGen      total 37888K, used 32768K [0x00000000eab00000, 0x00000000ed500000, 0x0000000100000000)
  eden space 32768K, 100% used [0x00000000eab00000,0x00000000ecb00000,0x00000000ecb00000)
  from space 5120K, 0% used [0x00000000ed000000,0x00000000ed000000,0x00000000ed500000)
  to   space 5120K, 0% used [0x00000000ecb00000,0x00000000ecb00000,0x00000000ed000000)
 ParOldGen       total 86016K, used 0K [0x00000000c0000000, 0x00000000c5400000, 0x00000000eab00000)
  object space 86016K, 0% used [0x00000000c0000000,0x00000000c0000000,0x00000000c5400000)
 Metaspace       used 5756K, capacity 7024K, committed 7296K, reserved 1056768K
  class space    used 555K, capacity 616K, committed 640K, reserved 1048576K
Event: 3.403 GC heap after
Heap after GC invocations=1 (full 0):
 PSYoungGen      total 37888K, used 5095K [0x00000000eab00000, 0x00000000ed500000, 0x0000000100000000)
  eden space 32768K, 0% used [0x00000000eab00000,0x00000000eab00000,0x00000000ecb00000)
  from space 5120K, 99% used [0x00000000ecb00000,0x00000000ecff9c78,0x00000000ed000000)
  to   space 5120K, 0% used [0x00000000ed000000,0x00000000ed000000,0x00000000ed500000)
 ParOldGen       total 86016K, used 1529K [0x00000000c0000000, 0x00000000c5400000, 0x00000000eab00000)
  object space 86016K, 1% used [0x00000000c0000000,0x00000000c017e7d8,0x00000000c5400000)
 Metaspace       used 5756K, capacity 7024K, committed 7296K, reserved 1056768K
  class space    used 555K, capacity 616K, committed 640K, reserved 1048576K
}
Event: 7.213 GC heap before
{Heap before GC invocations=2 (full 0):
 PSYoungGen      total 37888K, used 37863K [0x00000000eab00000, 0x00000000ed500000, 0x0000000100000000)
  eden space 32768K, 100% used [0x00000000eab00000,0x00000000ecb00000,0x00000000ecb00000)
  from space 5120K, 99% used [0x00000000ecb00000,0x00000000ecff9c78,0x00000000ed000000)
  to   space 5120K, 0% used [0x00000000ed000000,0x00000000ed000000,0x00000000ed500000)
 ParOldGen       total 86016K, used 1529K [0x00000000c0000000, 0x00000000c5400000, 0x00000000eab00000)
  object space 86016K, 1% used [0x00000000c0000000,0x00000000c017e7d8,0x00000000c5400000)
 Metaspace       used 5869K, capacity 7088K, committed 7296K, reserved 1056768K
  class space    used 556K, capacity 616K, committed 640K, reserved 1048576K
Event: 7.492 GC heap after
Heap after GC invocations=2 (full 0):
 PSYoungGen      total 37888K, used 5111K [0x00000000eab00000, 0x00000000ef500000, 0x0000000100000000)
  eden space 32768K, 0% used [0x00000000eab00000,0x00000000eab00000,0x00000000ecb00000)
  from space 5120K, 99% used [0x00000000ed000000,0x00000000ed4fdc88,0x00000000ed500000)
  to   space 5120K, 0% used [0x00000000ecb00000,0x00000000ecb00000,0x00000000ed000000)
 ParOldGen       total 86016K, used 6456K [0x00000000c0000000, 0x00000000c5400000, 0x00000000eab00000)
  object space 86016K, 7% used [0x00000000c0000000,0x00000000c064e008,0x00000000c5400000)
 Metaspace       used 5869K, capacity 7088K, committed 7296K, reserved 1056768K
  class space    used 556K, capacity 616K, committed 640K, reserved 1048576K
}

Deoptimization events (10 events):
Event: 2.104 Thread 0x0000000002150800 Uncommon trap: reason=class_check action=maybe_recompile pc=0x00000000025b6870 method=com.android.dx.rop.type.Type.equals(Ljava/lang/Object;)Z @ 8
Event: 2.104 Thread 0x0000000002150800 Uncommon trap: reason=class_check action=maybe_recompile pc=0x00000000025b6870 method=com.android.dx.rop.type.Type.equals(Ljava/lang/Object;)Z @ 8
Event: 2.566 Thread 0x0000000002150800 Uncommon trap: reason=unstable_if action=reinterpret pc=0x0000000002704504 method=com.android.dx.rop.code.RegisterSpecSet.<init>(I)V @ 2
Event: 4.805 Thread 0x0000000002150800 Uncommon trap: reason=unstable_if action=reinterpret pc=0x0000000002638d1c method=com.android.dx.rop.cst.Constant.compareTo(Lcom/android/dx/rop/cst/Constant;)I @ 12
Event: 5.564 Thread 0x0000000002150800 Uncommon trap: reason=bimorphic action=maybe_recompile pc=0x00000000028d4a80 method=com.android.dx.ssa.SCCP.setLatticeValueTo(IILcom/android/dx/rop/cst/Constant;)Z @ 43
Event: 6.095 Thread 0x0000000002150800 Uncommon trap: reason=class_check action=maybe_recompile pc=0x0000000002811888 method=com.android.dx.rop.code.RegisterSpec.withSimpleType()Lcom/android/dx/rop/code/RegisterSpec; @ 21
Event: 6.751 Thread 0x0000000002150800 Uncommon trap: reason=class_check action=maybe_recompile pc=0x000000000293cf64 method=com.android.dx.cf.code.RopperMachine.run(Lcom/android/dx/cf/code/Frame;II)V @ 988
Event: 6.753 Thread 0x0000000002150800 Uncommon trap: reason=unstable_if action=reinterpret pc=0x000000000280b248 method=com.android.dx.ssa.SCCP.simulateBranch(Lcom/android/dx/ssa/SsaInsn;)V @ 64
Event: 6.753 Thread 0x0000000002150800 Uncommon trap: reason=unloaded action=reinterpret pc=0x00000000027cc4c8 method=com.android.dx.ssa.LiteralOpUpgrader$1.visitNonMoveInsn(Lcom/android/dx/ssa/NormalSsaInsn;)V @ 72
Event: 6.754 Thread 0x0000000002150800 Uncommon trap: reason=unstable_if action=reinterpret pc=0x00000000026383dc method=com.android.dx.ssa.SsaMethod.updateOneDefinition(Lcom/android/dx/ssa/SsaInsn;Lcom/android/dx/rop/code/RegisterSpec;)V @ 4

Internal exceptions (2 events):
Event: 0.063 Thread 0x0000000002150800 Exception <a 'java/lang/NoSuchMethodError': Method sun.misc.Unsafe.defineClass(Ljava/lang/String;[BII)Ljava/lang/Class; name or signature does not match> (0x00000000eab0d328) thrown at [D:\re\workspace\8-2-build-windows-amd64-cygwin\jdk8u40\3098\hotspot\sr∂oﬂÓñ-∞?
Event: 0.063 Thread 0x0000000002150800 Exception <a 'java/lang/NoSuchMethodError': Method sun.misc.Unsafe.prefetchRead(Ljava/lang/Object;J)V name or signature does not match> (0x00000000eab0d5b8) thrown at [D:\re\workspace\8-2-build-windows-amd64-cygwin\jdk8u40\3098\hotspot\src\share\vm\prims\j

Events (10 events):
Event: 6.753 loading class com/android/dx/rop/code/RegOps done
Event: 6.754 Thread 0x0000000002150800 DEOPT PACKING pc=0x00000000027cc4c8 sp=0x000000000214eb20
Event: 6.754 Thread 0x0000000002150800 DEOPT UNPACKING pc=0x000000000229582a sp=0x000000000214eae8 mode 2
Event: 6.754 Thread 0x0000000002150800 Uncommon trap: trap_request=0xffffff65 fr.pc=0x00000000026383dc
Event: 6.754 Thread 0x0000000002150800 DEOPT PACKING pc=0x00000000026383dc sp=0x000000000214e960
Event: 6.754 Thread 0x0000000002150800 DEOPT UNPACKING pc=0x000000000229582a sp=0x000000000214e908 mode 2
Event: 7.172 Thread 0x0000000002150800 DEOPT PACKING pc=0x000000000264fee8 sp=0x000000000214ea30
Event: 7.172 Thread 0x0000000002150800 DEOPT UNPACKING pc=0x000000000229787f sp=0x000000000214e860 mode 0
Event: 7.213 Executing VM operation: ParallelGCFailedAllocation
Event: 7.492 Executing VM operation: ParallelGCFailedAllocation done


Dynamic libraries:
0x00007ff687920000 - 0x00007ff687957000 	C:\Program Files\Java\jdk1.8.0_40\bin\java.exe
0x00007ffc9b8b0000 - 0x00007ffc9ba6d000 	C:\WINDOWS\SYSTEM32\ntdll.dll
0x00007ffc99600000 - 0x00007ffc996af000 	C:\WINDOWS\system32\KERNEL32.DLL
0x00007ffc98ec0000 - 0x00007ffc99096000 	C:\WINDOWS\system32\KERNELBASE.dll
0x00007ffc9b460000 - 0x00007ffc9b506000 	C:\WINDOWS\system32\ADVAPI32.dll
0x00007ffc9b110000 - 0x00007ffc9b1ad000 	C:\WINDOWS\system32\msvcrt.dll
0x00007ffc99990000 - 0x00007ffc999ea000 	C:\WINDOWS\system32\sechost.dll
0x00007ffc996d0000 - 0x00007ffc997f6000 	C:\WINDOWS\system32\RPCRT4.dll
0x00007ffc9b1b0000 - 0x00007ffc9b31c000 	C:\WINDOWS\system32\USER32.dll
0x00007ffc99800000 - 0x00007ffc99981000 	C:\WINDOWS\system32\GDI32.dll
0x00007ffc941b0000 - 0x00007ffc9441e000 	C:\WINDOWS\WinSxS\amd64_microsoft.windows.common-controls_6595b64144ccf1df_6.0.10074.4_none_82935f385fa05ec2\COMCTL32.dll
0x00007ffc9b510000 - 0x00007ffc9b545000 	C:\WINDOWS\system32\IMM32.DLL
0x00007ffc99ba0000 - 0x00007ffc99cfc000 	C:\WINDOWS\system32\MSCTF.dll
0x000000005f2a0000 - 0x000000005f372000 	C:\Program Files\Java\jdk1.8.0_40\jre\bin\msvcr100.dll
0x000000005f720000 - 0x000000005ffa3000 	C:\Program Files\Java\jdk1.8.0_40\jre\bin\server\jvm.dll
0x00007ffc9b7f0000 - 0x00007ffc9b7f7000 	C:\WINDOWS\system32\PSAPI.DLL
0x00007ffc956e0000 - 0x00007ffc956e9000 	C:\WINDOWS\SYSTEM32\WSOCK32.dll
0x00007ffc99210000 - 0x00007ffc9926b000 	C:\WINDOWS\system32\WS2_32.dll
0x00007ffc9b7e0000 - 0x00007ffc9b7e8000 	C:\WINDOWS\system32\NSI.dll
0x00007ffc946e0000 - 0x00007ffc94702000 	C:\WINDOWS\SYSTEM32\WINMM.dll
0x00007ffc94710000 - 0x00007ffc9471a000 	C:\WINDOWS\SYSTEM32\VERSION.dll
0x00007ffc944f0000 - 0x00007ffc9451b000 	C:\WINDOWS\SYSTEM32\WINMMBASE.dll
0x00007ffc990a0000 - 0x00007ffc990e4000 	C:\WINDOWS\system32\cfgmgr32.dll
0x00007ffc96d40000 - 0x00007ffc96d66000 	C:\WINDOWS\SYSTEM32\DEVOBJ.dll
0x000000005f710000 - 0x000000005f71f000 	C:\Program Files\Java\jdk1.8.0_40\jre\bin\verify.dll
0x000000005f6e0000 - 0x000000005f709000 	C:\Program Files\Java\jdk1.8.0_40\jre\bin\java.dll
0x000000005f6c0000 - 0x000000005f6d6000 	C:\Program Files\Java\jdk1.8.0_40\jre\bin\zip.dll
0x00007ffc99d00000 - 0x00007ffc9b10d000 	C:\WINDOWS\system32\SHELL32.dll
0x00007ffc98830000 - 0x00007ffc98e04000 	C:\WINDOWS\system32\windows.storage.dll
0x00007ffc99270000 - 0x00007ffc994c6000 	C:\WINDOWS\system32\combase.dll
0x00007ffc99150000 - 0x00007ffc991a0000 	C:\WINDOWS\system32\shlwapi.dll
0x00007ffc98520000 - 0x00007ffc9852e000 	C:\WINDOWS\system32\kernel.appcore.dll
0x00007ffc98e10000 - 0x00007ffc98ebc000 	C:\WINDOWS\system32\shcore.dll
0x00007ffc984d0000 - 0x00007ffc98518000 	C:\WINDOWS\system32\powrprof.dll
0x00007ffc98490000 - 0x00007ffc984a4000 	C:\WINDOWS\system32\profapi.dll
0x00007ffc76350000 - 0x00007ffc764d3000 	C:\WINDOWS\SYSTEM32\dbghelp.dll

VM Arguments:
jvm_args: -Xmx1024M -Dfile.encoding=windows-1252 -Duser.country=IN -Duser.language=en -Duser.variant 
java_command: com.android.dx.command.Main --dex --output D:\MemoryGameF\app\build\intermediates\pre-dexed\debug\internal_impl-22.1.1-f4b44d3e7062f204a17e178fc4d3cc37ba34b13f.jar D:\MemoryGameF\app\build\intermediates\exploded-aar\com.android.support\support-v4\22.1.1\jars\libs\internal_impl-22.1.1.jar
java_class_path (initial): C:\Users\GajendraS\AppData\Local\Android\sdk\build-tools\21.1.2\lib\dx.jar
Launcher Type: SUN_STANDARD

Environment Variables:
JAVA_HOME=C:\Program Files\Java\jdk1.8.0_40
PATH=C:\ProgramData\Oracle\Java\javapath;C:\Program Files (x86)\Intel\iCLS Client\;C:\Program Files\Intel\iCLS Client\;C:\WINDOWS\system32;C:\WINDOWS;C:\WINDOWS\System32\Wbem;C:\WINDOWS\System32\WindowsPowerShell\v1.0\;C:\Program Files\Intel\Intel(R) Management Engine Components\DAL;C:\Program Files\Intel\Intel(R) Management Engine Components\IPT;C:\Program Files (x86)\Intel\Intel(R) Management Engine Components\DAL;C:\Program Files (x86)\Intel\Intel(R) Management Engine Components\IPT;C:\Program Files\Java\jdk1.8.0_40\bin;C:\Program Files (x86)\CodeBlocks\MinGW\bin;C:\Users\GajendraS\AppData\Local\Android\sdk\platform-tools
USERNAME=GajendraS
OS=Windows_NT
PROCESSOR_IDENTIFIER=Intel64 Family 6 Model 58 Stepping 9, GenuineIntel



---------------  S Y S T E M  ---------------

OS: Windows 10.0 , 64 bit Build 10074 (10.0.10074.0)

CPU:total 4 (2 cores per cpu, 2 threads per core) family 6 model 58 stepping 9, cmov, cx8, fxsr, mmx, sse, sse2, sse3, ssse3, sse4.1, sse4.2, popcnt, avx, aes, clmul, erms, ht, tsc, tscinvbit, tscinv

Memory: 4k page, physical 8245468k(821440k free), swap 11391196k(5180k free)

vm_info: Java HotSpot(TM) 64-Bit Server VM (25.40-b25) for windows-amd64 JRE (1.8.0_40-b26), built on Mar  7 2015 13:51:59 by "java_re" with MS VC++ 10.0 (VS2010)

time: Sun May 17 20:14:50 2015
elapsed time: 7 seconds (0d 0h 0m 7s)

