#
# There is insufficient memory for the Java Runtime Environment to continue.
# Native memory allocation (malloc) failed to allocate 578896 bytes for Chunk::new
# Possible reasons:
#   The system is out of physical RAM or swap space
#   In 32 bit mode, the process size limit was hit
# Possible solutions:
#   Reduce memory load on the system
#   Increase physical memory or swap space
#   Check if swap backing store is full
#   Use 64 bit Java on a 64 bit OS
#   Decrease Java heap size (-Xmx/-Xms)
#   Decrease number of Java threads
#   Decrease Java thread stack sizes (-Xss)
#   Set larger code cache with -XX:ReservedCodeCacheSize=
# This output file may be truncated or incomplete.
#
#  Out of Memory Error (allocation.cpp:390), pid=14676, tid=4708
#
# JRE version: Java(TM) SE Runtime Environment (8.0_40-b26) (build 1.8.0_40-b26)
# Java VM: Java HotSpot(TM) 64-Bit Server VM (25.40-b25 mixed mode windows-amd64 compressed oops)
# Failed to write core dump. Minidumps are not enabled by default on client versions of Windows
#

---------------  T H R E A D  ---------------

Current thread (0x000000001529a000):  JavaThread "C2 CompilerThread0" daemon [_thread_in_native, id=4708, stack(0x0000000016800000,0x0000000016900000)]

Stack: [0x0000000016800000,0x0000000016900000]
Native frames: (J=compiled Java code, j=interpreted, Vv=VM code, C=native code)
V  [jvm.dll+0x32b47a]
V  [jvm.dll+0x2797f3]
V  [jvm.dll+0x27a489]
V  [jvm.dll+0x2717a5]
V  [jvm.dll+0xcb9a2]
V  [jvm.dll+0xcbe6c]
V  [jvm.dll+0x476ea2]
V  [jvm.dll+0x4b950f]
V  [jvm.dll+0x46baa8]
V  [jvm.dll+0x46ccbe]
V  [jvm.dll+0x4500d2]
V  [jvm.dll+0xa4312]
V  [jvm.dll+0xa4c4f]
V  [jvm.dll+0x241914]
V  [jvm.dll+0x29848a]
C  [msvcr100.dll+0x21d9f]
C  [msvcr100.dll+0x21e3b]
C  [KERNEL32.DLL+0x4d42]
C  [ntdll.dll+0x693a4]


Current CompileTask:
C2:  12810 1907       4       com.android.dx.rop.code.LocalVariableExtractor::processBlock (327 bytes)


---------------  P R O C E S S  ---------------

Java Threads: ( => current thread )
  0x0000000016b04800 JavaThread "Service Thread" daemon [_thread_blocked, id=12132, stack(0x0000000016f00000,0x0000000017000000)]
  0x00000000152f9800 JavaThread "C1 CompilerThread2" daemon [_thread_blocked, id=3032, stack(0x0000000016a00000,0x0000000016b00000)]
  0x00000000152f7000 JavaThread "C2 CompilerThread1" daemon [_thread_in_native, id=12552, stack(0x0000000016900000,0x0000000016a00000)]
=>0x000000001529a000 JavaThread "C2 CompilerThread0" daemon [_thread_in_native, id=4708, stack(0x0000000016800000,0x0000000016900000)]
  0x0000000015298000 JavaThread "Attach Listener" daemon [_thread_blocked, id=8872, stack(0x0000000016700000,0x0000000016800000)]
  0x0000000015296800 JavaThread "Signal Dispatcher" daemon [_thread_blocked, id=13492, stack(0x0000000016600000,0x0000000016700000)]
  0x0000000002bc6000 JavaThread "Finalizer" daemon [_thread_blocked, id=8636, stack(0x0000000016500000,0x0000000016600000)]
  0x0000000002bbd000 JavaThread "Reference Handler" daemon [_thread_blocked, id=13784, stack(0x0000000016400000,0x0000000016500000)]
  0x0000000002ad0800 JavaThread "main" [_thread_in_native, id=14656, stack(0x00000000028d0000,0x00000000029d0000)]

Other Threads:
  0x0000000015267800 VMThread [stack: 0x0000000016300000,0x0000000016400000] [id=728]
  0x0000000016b05800 WatcherThread [stack: 0x0000000017000000,0x0000000017100000] [id=13920]

VM state:not at safepoint (normal execution)

VM Mutex/Monitor currently owned by a thread: None

Heap:
 PSYoungGen      total 70656K, used 66581K [0x00000000eab00000, 0x00000000f3500000, 0x0000000100000000)
  eden space 65536K, 93% used [0x00000000eab00000,0x00000000ee709468,0x00000000eeb00000)
  from space 5120K, 99% used [0x00000000eeb00000,0x00000000eeffc338,0x00000000ef000000)
  to   space 5120K, 0% used [0x00000000f3000000,0x00000000f3000000,0x00000000f3500000)
 ParOldGen       total 86016K, used 14687K [0x00000000c0000000, 0x00000000c5400000, 0x00000000eab00000)
  object space 86016K, 17% used [0x00000000c0000000,0x00000000c0e57f18,0x00000000c5400000)
 Metaspace       used 5971K, capacity 7088K, committed 7296K, reserved 1056768K
  class space    used 576K, capacity 616K, committed 640K, reserved 1048576K

Card table byte_map: [0x0000000011f90000,0x00000000121a0000] byte_map_base: 0x0000000011990000

Marking Bits: (ParMarkBitMap*) 0x000000005ff24040
 Begin Bits: [0x0000000012700000, 0x0000000013700000)
 End Bits:   [0x0000000013700000, 0x0000000014700000)

Polling page: 0x0000000001010000

CodeCache: size=245760Kb used=10021Kb max_used=10021Kb free=235738Kb
 bounds [0x0000000002bd0000, 0x00000000035b0000, 0x0000000011bd0000]
 total_blobs=2177 nmethods=1912 adapters=178
 compilation: enabled

Compilation events (10 events):
Event: 12.480 Thread 0x00000000152f7000 nmethod 1902% 0x000000000358f9d0 code [0x000000000358fb80, 0x0000000003590148]
Event: 12.480 Thread 0x000000001529a000 1903       4       com.android.dx.ssa.SsaMethod::buildUseList (112 bytes)
Event: 12.490 Thread 0x00000000152f9800 1904       3       java.util.HashMap$TreeNode::find (172 bytes)
Event: 12.491 Thread 0x00000000152f9800 nmethod 1904 0x000000000355ed10 code [0x000000000355ef00, 0x000000000355fa18]
Event: 12.493 Thread 0x000000001529a000 nmethod 1903 0x0000000003592490 code [0x0000000003592640, 0x0000000003592e48]
Event: 12.499 Thread 0x00000000152f7000 1905       4       java.util.HashMap::putVal (300 bytes)
Event: 12.505 Thread 0x000000001529a000 1906       4       com.android.dx.dex.code.CstInsn::<init> (39 bytes)
Event: 12.506 Thread 0x000000001529a000 nmethod 1906 0x000000000355e8d0 code [0x000000000355ea20, 0x000000000355eb78]
Event: 12.514 Thread 0x000000001529a000 1907       4       com.android.dx.rop.code.LocalVariableExtractor::processBlock (327 bytes)
Event: 12.530 Thread 0x00000000152f7000 nmethod 1905 0x0000000003596050 code [0x0000000003596260, 0x00000000035978d0]

GC Heap History (6 events):
Event: 2.686 GC heap before
{Heap before GC invocations=1 (full 0):
 PSYoungGen      total 37888K, used 32768K [0x00000000eab00000, 0x00000000ed500000, 0x0000000100000000)
  eden space 32768K, 100% used [0x00000000eab00000,0x00000000ecb00000,0x00000000ecb00000)
  from space 5120K, 0% used [0x00000000ed000000,0x00000000ed000000,0x00000000ed500000)
  to   space 5120K, 0% used [0x00000000ecb00000,0x00000000ecb00000,0x00000000ed000000)
 ParOldGen       total 86016K, used 0K [0x00000000c0000000, 0x00000000c5400000, 0x00000000eab00000)
  object space 86016K, 0% used [0x00000000c0000000,0x00000000c0000000,0x00000000c5400000)
 Metaspace       used 5675K, capacity 6960K, committed 7040K, reserved 1056768K
  class space    used 551K, capacity 616K, committed 640K, reserved 1048576K
Event: 2.769 GC heap after
Heap after GC invocations=1 (full 0):
 PSYoungGen      total 37888K, used 5106K [0x00000000eab00000, 0x00000000ef500000, 0x0000000100000000)
  eden space 32768K, 0% used [0x00000000eab00000,0x00000000eab00000,0x00000000ecb00000)
  from space 5120K, 99% used [0x00000000ecb00000,0x00000000ecffc968,0x00000000ed000000)
  to   space 5120K, 0% used [0x00000000ef000000,0x00000000ef000000,0x00000000ef500000)
 ParOldGen       total 86016K, used 1254K [0x00000000c0000000, 0x00000000c5400000, 0x00000000eab00000)
  object space 86016K, 1% used [0x00000000c0000000,0x00000000c01398b0,0x00000000c5400000)
 Metaspace       used 5675K, capacity 6960K, committed 7040K, reserved 1056768K
  class space    used 551K, capacity 616K, committed 640K, reserved 1048576K
}
Event: 5.614 GC heap before
{Heap before GC invocations=2 (full 0):
 PSYoungGen      total 37888K, used 37874K [0x00000000eab00000, 0x00000000ef500000, 0x0000000100000000)
  eden space 32768K, 100% used [0x00000000eab00000,0x00000000ecb00000,0x00000000ecb00000)
  from space 5120K, 99% used [0x00000000ecb00000,0x00000000ecffc968,0x00000000ed000000)
  to   space 5120K, 0% used [0x00000000ef000000,0x00000000ef000000,0x00000000ef500000)
 ParOldGen       total 86016K, used 1254K [0x00000000c0000000, 0x00000000c5400000, 0x00000000eab00000)
  object space 86016K, 1% used [0x00000000c0000000,0x00000000c01398b0,0x00000000c5400000)
 Metaspace       used 5815K, capacity 7024K, committed 7296K, reserved 1056768K
  class space    used 556K, capacity 616K, committed 640K, reserved 1048576K
Event: 5.649 GC heap after
Heap after GC invocations=2 (full 0):
 PSYoungGen      total 70656K, used 5092K [0x00000000eab00000, 0x00000000ef500000, 0x0000000100000000)
  eden space 65536K, 0% used [0x00000000eab00000,0x00000000eab00000,0x00000000eeb00000)
  from space 5120K, 99% used [0x00000000ef000000,0x00000000ef4f93f0,0x00000000ef500000)
  to   space 5120K, 0% used [0x00000000eeb00000,0x00000000eeb00000,0x00000000ef000000)
 ParOldGen       total 86016K, used 6140K [0x00000000c0000000, 0x00000000c5400000, 0x00000000eab00000)
  object space 86016K, 7% used [0x00000000c0000000,0x00000000c05ff070,0x00000000c5400000)
 Metaspace       used 5815K, capacity 7024K, committed 7296K, reserved 1056768K
  class space    used 556K, capacity 616K, committed 640K, reserved 1048576K
}
Event: 11.278 GC heap before
{Heap before GC invocations=3 (full 0):
 PSYoungGen      total 70656K, used 70628K [0x00000000eab00000, 0x00000000ef500000, 0x0000000100000000)
  eden space 65536K, 100% used [0x00000000eab00000,0x00000000eeb00000,0x00000000eeb00000)
  from space 5120K, 99% used [0x00000000ef000000,0x00000000ef4f93f0,0x00000000ef500000)
  to   space 5120K, 0% used [0x00000000eeb00000,0x00000000eeb00000,0x00000000ef000000)
 ParOldGen       total 86016K, used 6140K [0x00000000c0000000, 0x00000000c5400000, 0x00000000eab00000)
  object space 86016K, 7% used [0x00000000c0000000,0x00000000c05ff070,0x00000000c5400000)
 Metaspace       used 5957K, capacity 7088K, committed 7296K, reserved 1056768K
  class space    used 576K, capacity 616K, committed 640K, reserved 1048576K
Event: 11.315 GC heap after
Heap after GC invocations=3 (full 0):
 PSYoungGen      total 70656K, used 5104K [0x00000000eab00000, 0x00000000f3500000, 0x0000000100000000)
  eden space 65536K, 0% used [0x00000000eab00000,0x00000000eab00000,0x00000000eeb00000)
  from space 5120K, 99% used [0x00000000eeb00000,0x00000000eeffc338,0x00000000ef000000)
  to   space 5120K, 0% used [0x00000000f3000000,0x00000000f3000000,0x00000000f3500000)
 ParOldGen       total 86016K, used 14687K [0x00000000c0000000, 0x00000000c5400000, 0x00000000eab00000)
  object space 86016K, 17% used [0x00000000c0000000,0x00000000c0e57f18,0x00000000c5400000)
 Metaspace       used 5957K, capacity 7088K, committed 7296K, reserved 1056768K
  class space    used 576K, capacity 616K, committed 640K, reserved 1048576K
}

Deoptimization events (10 events):
Event: 8.919 Thread 0x0000000002ad0800 Uncommon trap: reason=class_check action=maybe_recompile pc=0x00000000033db2d0 method=com.android.dx.ssa.back.FirstFitLocalCombiningAllocator.findNextUnreservedRopReg(IILcom/android/dx/ssa/back/FirstFitLocalCombiningAllocator$Alignment;)I @ 60
Event: 8.923 Thread 0x0000000002ad0800 Uncommon trap: reason=class_check action=maybe_recompile pc=0x00000000033c52d4 method=com.android.dx.cf.code.BytecodeArray.parseInstruction(ILcom/android/dx/cf/code/BytecodeArray$Visitor;)I @ 987
Event: 9.172 Thread 0x0000000002ad0800 Uncommon trap: reason=class_check action=maybe_recompile pc=0x00000000033c52d4 method=com.android.dx.cf.code.BytecodeArray.parseInstruction(ILcom/android/dx/cf/code/BytecodeArray$Visitor;)I @ 987
Event: 9.200 Thread 0x0000000002ad0800 Uncommon trap: reason=class_check action=maybe_recompile pc=0x00000000033c52d4 method=com.android.dx.cf.code.BytecodeArray.parseInstruction(ILcom/android/dx/cf/code/BytecodeArray$Visitor;)I @ 987
Event: 9.200 Thread 0x0000000002ad0800 Uncommon trap: reason=class_check action=maybe_recompile pc=0x00000000033c52d4 method=com.android.dx.cf.code.BytecodeArray.parseInstruction(ILcom/android/dx/cf/code/BytecodeArray$Visitor;)I @ 987
Event: 10.758 Thread 0x0000000002ad0800 Uncommon trap: reason=bimorphic action=maybe_recompile pc=0x000000000349b6d0 method=com.android.dx.cf.code.BytecodeArray.parseInstruction(ILcom/android/dx/cf/code/BytecodeArray$Visitor;)I @ 2484
Event: 10.758 Thread 0x0000000002ad0800 Uncommon trap: reason=bimorphic action=maybe_recompile pc=0x000000000349b6d0 method=com.android.dx.cf.code.BytecodeArray.parseInstruction(ILcom/android/dx/cf/code/BytecodeArray$Visitor;)I @ 2484
Event: 11.377 Thread 0x0000000002ad0800 Uncommon trap: reason=unstable_if action=reinterpret pc=0x0000000003471724 method=java.util.HashMap.putVal(ILjava/lang/Object;Ljava/lang/Object;ZZ)Ljava/lang/Object; @ 109
Event: 11.637 Thread 0x0000000002ad0800 Uncommon trap: reason=unstable_if action=reinterpret pc=0x00000000033de6d8 method=com.android.dx.rop.code.LocalVariableExtractor.processBlock(I)V @ 195
Event: 12.104 Thread 0x0000000002ad0800 Uncommon trap: reason=unstable_if action=reinterpret pc=0x000000000341c1c4 method=com.android.dx.cf.code.RopperMachine.run(Lcom/android/dx/cf/code/Frame;II)V @ 1250

Internal exceptions (5 events):
Event: 0.085 Thread 0x0000000002ad0800 Exception <a 'java/lang/NoSuchMethodError': Method sun.misc.Unsafe.defineClass(Ljava/lang/String;[BII)Ljava/lang/Class; name or signature does not match> (0x00000000eab0d2f0) thrown at [D:\re\workspace\8-2-build-windows-amd64-cygwin\jdk8u40\3098\hotspot\sràb³ã^çµ?
Event: 0.086 Thread 0x0000000002ad0800 Exception <a 'java/lang/NoSuchMethodError': Method sun.misc.Unsafe.prefetchRead(Ljava/lang/Object;J)V name or signature does not match> (0x00000000eab0d580) thrown at [D:\re\workspace\8-2-build-windows-amd64-cygwin\jdk8u40\3098\hotspot\src\share\vm\prims\j¾5ð®2@
Event: 6.799 Thread 0x0000000002ad0800 Exception <a 'java/lang/ArrayIndexOutOfBoundsException': 18> (0x00000000eb42d758) thrown at [D:\re\workspace\8-2-build-windows-amd64-cygwin\jdk8u40\3098\hotspot\src\share\vm\interpreter\interpreterRuntime.cpp, line 366]
Event: 6.800 Thread 0x0000000002ad0800 Exception <a 'java/lang/ArrayIndexOutOfBoundsException'> (0x00000000eb42f228) thrown at [D:\re\workspace\8-2-build-windows-amd64-cygwin\jdk8u40\3098\hotspot\src\share\vm\runtime\sharedRuntime.cpp, line 605]
Event: 6.801 Thread 0x0000000002ad0800 Exception <a 'java/lang/ArrayIndexOutOfBoundsException'> (0x00000000eb430460) thrown at [D:\re\workspace\8-2-build-windows-amd64-cygwin\jdk8u40\3098\hotspot\src\share\vm\runtime\sharedRuntime.cpp, line 605]

Events (10 events):
Event: 11.377 Thread 0x0000000002ad0800 DEOPT PACKING pc=0x0000000003471724 sp=0x00000000029ce200
Event: 11.377 Thread 0x0000000002ad0800 DEOPT UNPACKING pc=0x0000000002c1582a sp=0x00000000029ce1a0 mode 2
Event: 11.637 Thread 0x0000000002ad0800 Uncommon trap: trap_request=0xffffff65 fr.pc=0x00000000033de6d8
Event: 11.637 Thread 0x0000000002ad0800 DEOPT PACKING pc=0x00000000033de6d8 sp=0x00000000029ce670
Event: 11.637 Thread 0x0000000002ad0800 DEOPT UNPACKING pc=0x0000000002c1582a sp=0x00000000029ce630 mode 2
Event: 12.104 Thread 0x0000000002ad0800 Uncommon trap: trap_request=0xffffff65 fr.pc=0x000000000341c1c4
Event: 12.104 Thread 0x0000000002ad0800 DEOPT PACKING pc=0x000000000341c1c4 sp=0x00000000029ce1c0
Event: 12.104 Thread 0x0000000002ad0800 DEOPT UNPACKING pc=0x0000000002c1582a sp=0x00000000029ce168 mode 2
Event: 12.487 Thread 0x0000000002ad0800 DEOPT PACKING pc=0x000000000300fe96 sp=0x00000000029ce160
Event: 12.487 Thread 0x0000000002ad0800 DEOPT UNPACKING pc=0x0000000002c1787f sp=0x00000000029cdf40 mode 0


Dynamic libraries:
0x00007ff687920000 - 0x00007ff687957000 	C:\Program Files\Java\jdk1.8.0_40\bin\java.exe
0x00007ffc9b8b0000 - 0x00007ffc9ba6d000 	C:\WINDOWS\SYSTEM32\ntdll.dll
0x00007ffc99600000 - 0x00007ffc996af000 	C:\WINDOWS\system32\KERNEL32.DLL
0x00007ffc98ec0000 - 0x00007ffc99096000 	C:\WINDOWS\system32\KERNELBASE.dll
0x00007ffc9b460000 - 0x00007ffc9b506000 	C:\WINDOWS\system32\ADVAPI32.dll
0x00007ffc9b110000 - 0x00007ffc9b1ad000 	C:\WINDOWS\system32\msvcrt.dll
0x00007ffc99990000 - 0x00007ffc999ea000 	C:\WINDOWS\system32\sechost.dll
0x00007ffc996d0000 - 0x00007ffc997f6000 	C:\WINDOWS\system32\RPCRT4.dll
0x00007ffc9b1b0000 - 0x00007ffc9b31c000 	C:\WINDOWS\system32\USER32.dll
0x00007ffc99800000 - 0x00007ffc99981000 	C:\WINDOWS\system32\GDI32.dll
0x00007ffc941b0000 - 0x00007ffc9441e000 	C:\WINDOWS\WinSxS\amd64_microsoft.windows.common-controls_6595b64144ccf1df_6.0.10074.4_none_82935f385fa05ec2\COMCTL32.dll
0x00007ffc9b510000 - 0x00007ffc9b545000 	C:\WINDOWS\system32\IMM32.DLL
0x00007ffc99ba0000 - 0x00007ffc99cfc000 	C:\WINDOWS\system32\MSCTF.dll
0x000000005f2a0000 - 0x000000005f372000 	C:\Program Files\Java\jdk1.8.0_40\jre\bin\msvcr100.dll
0x000000005f720000 - 0x000000005ffa3000 	C:\Program Files\Java\jdk1.8.0_40\jre\bin\server\jvm.dll
0x00007ffc9b7f0000 - 0x00007ffc9b7f7000 	C:\WINDOWS\system32\PSAPI.DLL
0x00007ffc956e0000 - 0x00007ffc956e9000 	C:\WINDOWS\SYSTEM32\WSOCK32.dll
0x00007ffc99210000 - 0x00007ffc9926b000 	C:\WINDOWS\system32\WS2_32.dll
0x00007ffc9b7e0000 - 0x00007ffc9b7e8000 	C:\WINDOWS\system32\NSI.dll
0x00007ffc946e0000 - 0x00007ffc94702000 	C:\WINDOWS\SYSTEM32\WINMM.dll
0x00007ffc94710000 - 0x00007ffc9471a000 	C:\WINDOWS\SYSTEM32\VERSION.dll
0x00007ffc944f0000 - 0x00007ffc9451b000 	C:\WINDOWS\SYSTEM32\WINMMBASE.dll
0x00007ffc990a0000 - 0x00007ffc990e4000 	C:\WINDOWS\system32\cfgmgr32.dll
0x00007ffc96d40000 - 0x00007ffc96d66000 	C:\WINDOWS\SYSTEM32\DEVOBJ.dll
0x000000005f710000 - 0x000000005f71f000 	C:\Program Files\Java\jdk1.8.0_40\jre\bin\verify.dll
0x000000005f6e0000 - 0x000000005f709000 	C:\Program Files\Java\jdk1.8.0_40\jre\bin\java.dll
0x000000005f6c0000 - 0x000000005f6d6000 	C:\Program Files\Java\jdk1.8.0_40\jre\bin\zip.dll
0x00007ffc99d00000 - 0x00007ffc9b10d000 	C:\WINDOWS\system32\SHELL32.dll
0x00007ffc98830000 - 0x00007ffc98e04000 	C:\WINDOWS\system32\windows.storage.dll
0x00007ffc99270000 - 0x00007ffc994c6000 	C:\WINDOWS\system32\combase.dll
0x00007ffc99150000 - 0x00007ffc991a0000 	C:\WINDOWS\system32\shlwapi.dll
0x00007ffc98520000 - 0x00007ffc9852e000 	C:\WINDOWS\system32\kernel.appcore.dll
0x00007ffc98e10000 - 0x00007ffc98ebc000 	C:\WINDOWS\system32\shcore.dll
0x00007ffc984d0000 - 0x00007ffc98518000 	C:\WINDOWS\system32\powrprof.dll
0x00007ffc98490000 - 0x00007ffc984a4000 	C:\WINDOWS\system32\profapi.dll
0x00007ffc76350000 - 0x00007ffc764d3000 	C:\WINDOWS\SYSTEM32\dbghelp.dll

VM Arguments:
jvm_args: -Xmx1024M -Dfile.encoding=windows-1252 -Duser.country=IN -Duser.language=en -Duser.variant 
java_command: com.android.dx.command.Main --dex --output D:\MemoryGameF\app\build\intermediates\pre-dexed\debug\classes-55bfa9c760bc34825f32be5fde63149b35afbfae.jar D:\MemoryGameF\app\build\intermediates\exploded-aar\com.android.support\appcompat-v7\22.1.1\jars\classes.jar
java_class_path (initial): C:\Users\GajendraS\AppData\Local\Android\sdk\build-tools\21.1.2\lib\dx.jar
Launcher Type: SUN_STANDARD

Environment Variables:
JAVA_HOME=C:\Program Files\Java\jdk1.8.0_40
PATH=C:\ProgramData\Oracle\Java\javapath;C:\Program Files (x86)\Intel\iCLS Client\;C:\Program Files\Intel\iCLS Client\;C:\WINDOWS\system32;C:\WINDOWS;C:\WINDOWS\System32\Wbem;C:\WINDOWS\System32\WindowsPowerShell\v1.0\;C:\Program Files\Intel\Intel(R) Management Engine Components\DAL;C:\Program Files\Intel\Intel(R) Management Engine Components\IPT;C:\Program Files (x86)\Intel\Intel(R) Management Engine Components\DAL;C:\Program Files (x86)\Intel\Intel(R) Management Engine Components\IPT;C:\Program Files\Java\jdk1.8.0_40\bin;C:\Program Files (x86)\CodeBlocks\MinGW\bin;C:\Users\GajendraS\AppData\Local\Android\sdk\platform-tools
USERNAME=GajendraS
OS=Windows_NT
PROCESSOR_IDENTIFIER=Intel64 Family 6 Model 58 Stepping 9, GenuineIntel



---------------  S Y S T E M  ---------------

OS: Windows 10.0 , 64 bit Build 10074 (10.0.10074.0)

CPU:total 4 (2 cores per cpu, 2 threads per core) family 6 model 58 stepping 9, cmov, cx8, fxsr, mmx, sse, sse2, sse3, ssse3, sse4.1, sse4.2, popcnt, avx, aes, clmul, erms, ht, tsc, tscinvbit, tscinv

Memory: 4k page, physical 8245468k(804044k free), swap 11391196k(3260k free)

vm_info: Java HotSpot(TM) 64-Bit Server VM (25.40-b25) for windows-amd64 JRE (1.8.0_40-b26), built on Mar  7 2015 13:51:59 by "java_re" with MS VC++ 10.0 (VS2010)

time: Sun May 17 20:07:21 2015
elapsed time: 12 seconds (0d 0h 0m 12s)

